
SQL*Plus: Release 10.2.0.4.0 - Production on Wed Dec 3 10:39:50 2014

Copyright (c) 1982, 2007, Oracle.  All Rights Reserved.


Connected to:
Oracle Database 11g Enterprise Edition Release 11.2.0.4.0 - 64bit Production
With the Partitioning, OLAP, Data Mining and Real Application Testing options


'RUNNINGDDLSNAPSHOT'
--------------------
running ddl snapshot


Sequence created.


Sequence created.


Table created.


Table altered.


Table altered.


Table created.


Table altered.


Commit complete.


Commit complete.


'RUNNINGDMLSNAPSHOT'
--------------------
running dml snapshot


1 row created.


1 row created.


Commit complete.


Commit complete.


Commit complete.

Disconnected from Oracle Database 11g Enterprise Edition Release 11.2.0.4.0 - 64bit Production
With the Partitioning, OLAP, Data Mining and Real Application Testing options
