
SQL*Plus: Release 10.2.0.4.0 - Production on Thu Dec 4 16:14:25 2014

Copyright (c) 1982, 2007, Oracle.  All Rights Reserved.


Connected to:
Oracle Database 11g Enterprise Edition Release 11.2.0.4.0 - 64bit Production
With the Partitioning, OLAP, Data Mining and Real Application Testing options


'RUNNINGDDLSNAPSHOT'
--------------------
running ddl snapshot


'RUNNINGDDLSNAPSHOT'
--------------------
running ddl snapshot


'RUNNINGDMLSNAPSHOT'
--------------------
running dml snapshot

UPDATE CUSTOM_ATTRIBUTE SET LOOKUP_CLASS = 'org.kuali.coeus.common.framework.custom.arg.ArgValueLookup' WHERE LOOKUP_CLASS = 'org.kuali.kra.bo.ArgValueLookup'
       *
ERROR at line 1:
ORA-00942: table or view does not exist


UPDATE QUESTION SET LOOKUP_CLASS = 'org.kuali.coeus.common.framework.custom.arg.ArgValueLookup' WHERE LOOKUP_CLASS = 'org.kuali.kra.bo.ArgValueLookup'
       *
ERROR at line 1:
ORA-00942: table or view does not exist


INSERT INTO KRCR_PARM_T (APPL_ID, NMSPC_CD, CMPNT_CD, PARM_NM, PARM_TYP_CD, VAL, PARM_DESC_TXT, EVAL_OPRTR_CD, OBJ_ID, VER_NBR)
            *
ERROR at line 1:
ORA-00942: table or view does not exist


INSERT INTO KRCR_PARM_T (APPL_ID, NMSPC_CD, CMPNT_CD, PARM_NM, PARM_TYP_CD, VAL, PARM_DESC_TXT, EVAL_OPRTR_CD, OBJ_ID, VER_NBR)
            *
ERROR at line 1:
ORA-00942: table or view does not exist


update KRCR_PARM_T set VAL = 'Y' where PARM_NM= 'iacuc.protocol.institute.proposal.linking.enabled'
       *
ERROR at line 1:
ORA-00942: table or view does not exist


update KRCR_PARM_T set VAL = 'Y' where PARM_NM= 'iacuc.protocol.institute.proposal.linking.enabled'
       *
ERROR at line 1:
ORA-00942: table or view does not exist


update KRCR_PARM_T set VAL = 'Y' where PARM_NM= 'irb.protocol.institute.proposal.linking.enabled'
       *
ERROR at line 1:
ORA-00942: table or view does not exist


update KRCR_PARM_T set VAL = 'Y' where PARM_NM= 'iacuc.protocol.award.linking.enabled'
       *
ERROR at line 1:
ORA-00942: table or view does not exist


update KRCR_PARM_T set VAL = 'Y' where PARM_NM= 'iacuc.protocol.award.linking.enabled'
       *
ERROR at line 1:
ORA-00942: table or view does not exist


update KRCR_PARM_T set VAL = 'Y' where PARM_NM= 'irb.protocol.award.linking.enabled'
       *
ERROR at line 1:
ORA-00942: table or view does not exist


update KRCR_PARM_T set VAL = 'Y' where PARM_NM= 'irb.protocol.award.linking.enabled'
       *
ERROR at line 1:
ORA-00942: table or view does not exist


update KRCR_PARM_T set VAL = 'Y' where PARM_NM= 'iacuc.protocol.proposal.development.linking.enabled'
       *
ERROR at line 1:
ORA-00942: table or view does not exist


update KRCR_PARM_T set VAL = 'Y' where PARM_NM= 'iacuc.protocol.proposal.development.linking.enabled'
       *
ERROR at line 1:
ORA-00942: table or view does not exist


update KRCR_PARM_T set VAL = 'Y' where PARM_NM= 'irb.protocol.development.proposal.linking.enabled'
       *
ERROR at line 1:
ORA-00942: table or view does not exist


update KRCR_PARM_T set VAL = 'Y' where PARM_NM= 'irb.protocol.development.proposal.linking.enabled'
       *
ERROR at line 1:
ORA-00942: table or view does not exist


commit
*
ERROR at line 2:
ORA-02185: a token other than WORK follows COMMIT



Commit complete.


Commit complete.

Disconnected from Oracle Database 11g Enterprise Edition Release 11.2.0.4.0 - 64bit Production
With the Partitioning, OLAP, Data Mining and Real Application Testing options
