
SQL*Plus: Release 10.2.0.4.0 - Production on Wed Dec 3 10:39:51 2014

Copyright (c) 1982, 2007, Oracle.  All Rights Reserved.


Connected to:
Oracle Database 11g Enterprise Edition Release 11.2.0.4.0 - 64bit Production
With the Partitioning, OLAP, Data Mining and Real Application Testing options


'RUNNINGDDLSNAPSHOT'
--------------------
running ddl snapshot


Sequence created.


Sequence created.


Table created.


Table altered.

REFERENCES KRIM_ROLE_T (ROLE_ID)
           *
ERROR at line 4:
ORA-00942: table or view does not exist



Table created.


Table altered.


Commit complete.


Commit complete.


'RUNNINGDMLSNAPSHOT'
--------------------
running dml snapshot

INSERT INTO KRCR_PARM_T (APPL_ID, NMSPC_CD, CMPNT_CD, PARM_NM, PARM_TYP_CD, VAL, PARM_DESC_TXT, EVAL_OPRTR_CD, OBJ_ID, VER_NBR)
            *
ERROR at line 1:
ORA-00942: table or view does not exist


INSERT INTO KRIM_ROLE_T(ROLE_ID,OBJ_ID,VER_NBR,ROLE_NM,NMSPC_CD,DESC_TXT,KIM_TYP_ID,ACTV_IND)
            *
ERROR at line 1:
ORA-00942: table or view does not exist



Commit complete.


Commit complete.


Commit complete.

Disconnected from Oracle Database 11g Enterprise Edition Release 11.2.0.4.0 - 64bit Production
With the Partitioning, OLAP, Data Mining and Real Application Testing options
