
Started syncing, start time: 23-NOV-14 11.49.14.150700 PM                       

insert bo: 23-NOV-14 11.49.14.403848 PM                                         
insert into SPONSOR(SPONSOR_CODE,SPONSOR_NAME,ACRONYM,SPONSOR_TYPE_CODE,DUN_AND_BRADSTREET_NUMBER,DUNS_PLUS_FOUR_NUMBER,DODAC_NUMBER,CAGE_NUMBER,POSTAL_CODE,STATE,COUNTRY_CODE,ROLODEX_ID,AUDIT_REPORT_SENT_FOR_FY,OWNED_BY_UNIT,CREATE_USER,UPDATE_TIMESTAMP,UPDATE_USER,VER_NBR,OBJ_ID,ACTV_IND)
*
ERROR at line 1:
ORA-02291: integrity constraint (KCSO.FK_SPONSOR_ROLODEX_KRA) violated - parent 
key not found 



Completed bo : 23-NOV-14 11.49.15.796308 PM                                     

Completed bo : 23-NOV-14 11.49.15.904777 PM                                     

insert award: 23-NOV-14 11.49.22.135859 PM                                      

 Start time of AWARD is 23-NOV-14 11.50.26.148571 PM                            

     90621                                                                      
update count is 1                                                               

 End time of AWARD is 23-NOV-14 11.50.27.286220 PM                              
SP2-0027: Input is too long (> 2499 characters) - line ignored

 Start time of TEMP TABLES FOR AWARD MODULE  is 23-NOV-14 11.50.27.384362 PM    

 End time of TEMP TABLES FOR AWARD MODULE  is 23-NOV-14 11.50.27.481620 PM      

 Start time of VERSION_HISTORY  is 23-NOV-14 11.50.27.579021 PM                 
Completed VERSION_HISTORY!!!                                                    

 End time of VERSION_HISTORY  is 23-NOV-14 11.50.27.763586 PM                   

 Start time of AWARD_SPECIAL_REVIEW script is 23-NOV-14 11.50.28.063900 PM      

 End time of AWARD_SPECIAL_REVIEW script is 23-NOV-14 11.50.28.929967 PM        

 Start time of AWARD_SPECIAL_REVIEW Update script is 23-NOV-14 11.50.29.029660 P
M                                                                               
                                                                                

 End time of AWARD_SPECIAL_REVIEW Update script is 23-NOV-14 11.50.32.642099 PM 

 Start time of AWARD_COST_SHARE  script is 23-NOV-14 11.50.32.747024 PM         

 End time of AWARD_COST_SHARE script is 23-NOV-14 11.50.33.019430 PM            

 Start time of AWARD_APPROVED_EQUIPMENT  script is 23-NOV-14 11.50.33.119375 PM 

 End time of AWARD_APPROVED_EQUIPMENT  script is 23-NOV-14 11.50.33.734418 PM   

 Start time of AWARD_APPROVED_FOREIGN_TRAVEL  script is 23-NOV-14 11.50.33.84703
8 PM                                                                            
                                                                                

 End time of AWARD_APPROVED_FOREIGN_TRAVEL script is 23-NOV-14 11.50.34.138885 P
M                                                                               
                                                                                

 Start time of AWARD_PAYMENT_SCHEDULE script is 23-NOV-14 11.50.34.244350 PM    

 End time of AWARD_PAYMENT_SCHEDULE script is 23-NOV-14 11.50.35.408969 PM      

 Start time of AWARD_SCIENCE_KEYWORD script is 23-NOV-14 11.50.35.511983 PM     

 End time of AWARD_SCIENCE_KEYWORD script is 23-NOV-14 11.50.35.729556 PM       

 Start time of AWARD_IDC_RATE script is 23-NOV-14 11.50.35.844401 PM            

 End time of AWARD_IDC_RATE script is 23-NOV-14 11.50.37.603078 PM              

 Start time of AWARD_APPROVED_SUBAWARDS script is 23-NOV-14 11.50.37.711076 PM  

 End time of AWARD_APPROVED_SUBAWARDS script is 23-NOV-14 11.50.37.979376 PM    

 Start time of AWARD_TRANSFERRING_SPONSOR is 23-NOV-14 11.50.38.089121 PM       

 End time of AWARD_TRANSFERRING_SPONSOR is 23-NOV-14 11.50.38.315043 PM         

 Start time of AWARD_PERSONS(Key Person) script is 23-NOV-14 11.50.38.419087 PM 

 End time of AWARD_PERSONS(Key Person) script is 23-NOV-14 11.50.38.638736 PM   

 Start time of AWARD_PERSONS(Investigators) script is 23-NOV-14 11.50.38.738505 
PM                                                                              
                                                                                

 End time of AWARD_PERSONS(Investigators) script is 23-NOV-14 11.50.39.111173 PM

 Start time of AWARD_SPONSOR_TERM script is 23-NOV-14 11.50.39.211893 PM        

 End time of AWARD_SPONSOR_TERM script is 23-NOV-14 11.50.39.823826 PM          

 Start time of AWARD_ATTACHMENT is 23-NOV-14 11.50.39.924266 PM                 
Completed AWARD_ATTACHMENT!!!                                                   

 End time of AWARD_ATTACHMENT is 23-NOV-14 11.50.42.213830 PM                   

 Start time of AWARD_ATTACHMENT VERSIONNING  is 23-NOV-14 11.50.42.314085 PM    

 End time of AWARD_ATTACHMENT VERSIONNING  is 23-NOV-14 11.50.42.421960 PM      

 Start time of AWARD_CUSTOM_DATA  is 23-NOV-14 11.50.42.518901 PM               

 End time of AWARD_CUSTOM_DATA  is 23-NOV-14 11.50.42.789304 PM                 
CREATE INDEX AWARD_COMMENT_I1 ON AWARD_COMMENT(AWARD_NUMBER,SEQUENCE_NUMBER,COMMENT_TYPE_CODE)
             *
ERROR at line 1:
ORA-00955: name is already used by an existing object 



 Start time of AWARD_COMMENT update script is 23-NOV-14 11.50.46.051836 PM      

 End time of AWARD_COMMENT update script is 23-NOV-14 11.50.46.146542 PM        

 Start time of AWARD_CLOSEOUT  is 23-NOV-14 11.50.46.248258 PM                  

 End time of AWARD_CLOSEOUT  is 23-NOV-14 11.50.46.526341 PM                    

 Start time of AWARD_PERSON_UNITS script is 23-NOV-14 11.50.46.624248 PM        

 End time of AWARD_PERSON_UNITS script is 23-NOV-14 11.50.46.879184 PM          

 Start time of AWARD_PERSON_CREDIT_SPLITS script is 23-NOV-14 11.50.46.978889 PM
DECLARE
*
ERROR at line 1:
ORA-02291: integrity constraint (KCSO.FK_AP_CREDIT_SPLIT_ICT) violated - parent 
key not found 
ORA-06512: at line 59 



 End time of AWARD_PERSON_CREDIT_SPLITS script is 23-NOV-14 11.50.47.473928 PM  

 Start time of AWARD_PERS_UNIT_CRED_SPLITS script is 23-NOV-14 11.50.47.573958 P
M                                                                               
                                                                                
DECLARE
*
ERROR at line 1:
ORA-02291: integrity constraint (KCSO.FK_APU_CREDIT_SPLIT_ICT) violated - 
parent key not found 
ORA-06512: at line 59 



 End time of AWARD_PERS_UNIT_CRED_SPLITS script is 23-NOV-14 11.50.48.399483 PM 

 Start time of AWARD_NOTEPAD script is 23-NOV-14 11.50.48.494354 PM             
Completed AWARD_NOTEPAD!!!                                                      

 End time of AWARD_NOTEPAD script is 23-NOV-14 11.50.48.701934 PM               

 Start time of AWARD_SPONSOR_CONTACTS script is 23-NOV-14 11.50.48.803670 PM    

 End time of AWARD_SPONSOR_CONTACTS script is 23-NOV-14 11.50.49.094462 PM      

 Start time of AWARD_REPORT_TERMS,AWARD_REP_TERMS_RECNT script is 23-NOV-14 11.5
0.49.196997 PM                                                                  
                                                                                
DECLARE
*
ERROR at line 1:
ORA-01422: exact fetch returns more than requested number of rows 
ORA-06512: at line 7 



 End time of AWARD_REPORT_TERMS,AWARD_REP_TERMS_RECNT is 23-NOV-14 11.50.55.8128
87 PM                                                                           
                                                                                

 Start time of AWARD_REPORT_TRACKING script is 23-NOV-14 11.50.55.983978 PM     

 End time of AWARD_REPORT_TRACKING  is 23-NOV-14 11.50.56.657239 PM             
select ' Start time of AWARD_FUNDING_PROPOSALS  is '|| localtimestamp from dual/INSERT INTO AWARD_FUNDING_PROPOSALS(AWARD_FUNDING_PROPOSAL_ID,AWARD_ID,PROPOSAL_ID,UPDATE_TIMESTAMP,UPDATE_USER,VER_NBR,ACTIVE,OBJ_ID)select SEQUENCE_AWARD_ID.NEXTVAL,t.award_id, p.proposal_id,af.UPDATE_TIMESTAMP,af.UPDATE_USER,1,'Y',SYS_GUID()from  award t,proposal p,OSP$AWARD_FUNDING_PROPOSALS af,TEMP_TAB_TO_SYNC_AWARD tswhere t.award_number = replace(af.MIT_AWARD_NUMBER,'-','-00')and   t.SEQUENCE_NUMBER = af.SEQUENCE_NUMBERand  af.MIT_AWARD_NUMBER=ts.MIT_AWARD_NUMBERand  af.SEQUENCE_NUMBER=ts.SEQUENCE_NUMBERand p.proposal_number = af.proposal_numberand ts.FEED_TYPE = 'N'and p.sequence_number = af.PROP_SEQUENCE_NUMBER;commit/select ' Start time of AWARD_FUNDING_PROPOSALS  is '|| localtimestamp from dual/
                                                                                *
ERROR at line 1:
ORA-00933: SQL command not properly ended 



 End time of AWARD_UNIT_CONTACTS is 23-NOV-14 11.50.56.971394 PM                

 Start time of AWARD_HIERARCHY script is 23-NOV-14 11.50.57.077064 PM           
Completed AWARD_HIERARCHY!!!                                                    

 End time of AWARD_HIERARCHY script is 23-NOV-14 11.50.57.328833 PM             

 Start time of AWARD_AMOUNT_TRANSACTION is 23-NOV-14 11.50.57.511963 PM         
Completed AWARD_AMOUNT_INFO!!!                                                  

 End time of AWARD_AMOUNT_TRANSACTION is 23-NOV-14 11.51.00.530348 PM           

 Start time of AWARD_AMOUNT_INFO is 23-NOV-14 11.51.00.637119 PM                

 End time of AWARD_AMOUNT_INFO is 23-NOV-14 11.51.00.744429 PM                  

update award: 23-NOV-14 11.51.00.966468 PM                                      

 Star time of UPDATE_AWARD is 23-NOV-14 11.51.01.069793 PM                      

 End time of UPDATE_AWARD is 23-NOV-14 11.51.01.594500 PM                       

 Start time of UPDATE_AWARD_SPECIAL_REVIEW is 23-NOV-14 11.51.01.696328 PM      

 End time of UPDATE_AWARD_SPECIAL_REVIEW is 23-NOV-14 11.51.01.902272 PM        

 Start time of UPDATE_AWARD_COST_SHARE is 23-NOV-14 11.51.02.005128 PM          

 End time of UPDATE_AWARD_COST_SHARE is 23-NOV-14 11.51.02.198631 PM            

 Start time of UPDATE_AWARD_APPROVED_EQUIPMENT is 23-NOV-14 11.51.02.306859 PM  

 End time of UPDATE_AWARD_APPROVED_EQUIPMENT is 23-NOV-14 11.51.02.509378 PM    

 Start time of UPDATE_AWARD_APPROVED_FOREIGN_TRAVEL is 23-NOV-14 11.51.02.611655
 PM                                                                             
                                                                                

 End time of UPDATE_AWARD_APPROVED_FOREIGN_TRAVEL is 23-NOV-14 11.51.02.814183 P
M                                                                               
                                                                                

 Start time of UPDATE_AWARD_PAYMENT_SCHEDULE is 23-NOV-14 11.51.02.916617 PM    

 End time of UPDATE_AWARD_PAYMENT_SCHEDULE is 23-NOV-14 11.51.03.109623 PM      

 Start time of UPDATE_AWARD_SCIENCE_KEYWORD is 23-NOV-14 11.51.03.211774 PM     

 End time of UPDATE_AWARD_SCIENCE_KEYWORD is 23-NOV-14 11.51.03.404234 PM       

 Start time of UPDATE_AWARD_IDC_RATE is 23-NOV-14 11.51.03.511208 PM            

 End time of UPDATE_AWARD_IDC_RATE is 23-NOV-14 11.51.03.716070 PM              

 Start time of UPDATE_AWARD_APPROVED_SUBAWARDS is 23-NOV-14 11.51.03.817021 PM  

 End time of UPDATE_AWARD_APPROVED_SUBAWARDS is 23-NOV-14 11.51.04.096598 PM    

 Start time of UPDATE_AWARD_TRANSFERRING_SPONSOR is 23-NOV-14 11.51.04.227217 PM

 End time of UPDATE_AWARD_TRANSFERRING_SPONSOR is 23-NOV-14 11.51.04.411802 PM  

 Start time of UPDATE_AWARD_PERSONS is 23-NOV-14 11.51.04.514339 PM             

 End time of UPDATE_AWARD_PERSONS is 23-NOV-14 11.51.04.707254 PM               

 Start time of UPDATE_AWARD_PERSONS is 23-NOV-14 11.51.04.818026 PM             

 End time of UPDATE_AWARD_PERSONS is 23-NOV-14 11.51.05.002970 PM               

 Start time of UPDATE_AWARD_ATTACHMENT is 23-NOV-14 11.51.05.099714 PM          
Completed AWARD_ATTACHMENT!!!                                                   

 End time of UPDATE_AWARD_ATTACHMENT is 23-NOV-14 11.51.07.179203 PM            

 Start time of UPDATE_AWARD_CUSTOM_DATA is 23-NOV-14 11.51.07.282295 PM         

 End time of UPDATE_AWARD_CUSTOM_DATA is 23-NOV-14 11.51.07.471723 PM           

 Start time of UPDATE_AWARD_COMMENT is 23-NOV-14 11.51.07.576473 PM             

 End time of UPDATE_AWARD_COMMENT is 23-NOV-14 11.51.07.833820 PM               

 Start time of UPDATE_AWARD_CLOSEOUT is 23-NOV-14 11.51.08.097230 PM            

 End time of UPDATE_AWARD_CLOSEOUT is 23-NOV-14 11.51.08.298821 PM              

 Start time of UPDATE_AWARD_PERSON_UNITS is 23-NOV-14 11.51.08.399554 PM        

 End time of UPDATE_AWARD_PERSON_UNITS is 23-NOV-14 11.51.08.596822 PM          

 Start time of UPDATE_AWARD_PERSON_CREDIT_SPLITS is 23-NOV-14 11.51.08.703869 PM

 End time of UPDATE_AWARD_PERSON_CREDIT_SPLITS is 23-NOV-14 11.51.08.891952 PM  

 Start time of UPDATE_AWARD_PERS_UNIT_CRED_SPLITS is 23-NOV-14 11.51.08.994405 P
M                                                                               
                                                                                

 End time of UPDATE_AWARD_PERS_UNIT_CRED_SPLITS is 23-NOV-14 11.51.09.201828 PM 

 Start time of UPDATE_AWARD_NOTEPAD is 23-NOV-14 11.51.09.299034 PM             

 End time of UPDATE_AWARD_NOTEPAD is 23-NOV-14 11.51.09.818929 PM               

 Start time of UPDATE_AWARD_SPONSOR_CONTACTS is 23-NOV-14 11.51.09.919593 PM    

 End time of UPDATE_AWARD_SPONSOR_CONTACTS is 23-NOV-14 11.51.10.106803 PM      

 Start time of UPDATE_AWARD_REP_TERMS_RECNT is 23-NOV-14 11.51.10.211897 PM     

 End time of UPDATE_AWARD_REP_TERMS_RECNT is 23-NOV-14 11.51.10.408970 PM       

 Start time of UPDATE_AWARD_SPONSOR_TERM is 23-NOV-14 11.51.10.511423 PM        

 End time of UPDATE_AWARD_SPONSOR_TERM is 23-NOV-14 11.51.10.749788 PM          

 Start time of UPDATE_AWARD_REPORT_TRACKING is 23-NOV-14 11.51.10.848972 PM     

 End time of UPDATE_AWARD_REPORT_TRACKING is 23-NOV-14 11.51.11.064138 PM       

 Start time of UPDATE_AWARD_FUNDING_PROPOSALS is 23-NOV-14 11.51.11.169811 PM   

 End time of UPDATE_AWARD_FUNDING_PROPOSALS is 23-NOV-14 11.51.11.359624 PM     

 Start time of UPDATE_AWARD_UNIT_CONTACTS is 23-NOV-14 11.51.11.460586 PM       

 End time of UPDATE_AWARD_UNIT_CONTACTS is 23-NOV-14 11.51.11.654009 PM         

 Start time of UPDATE_AWARD_AMOUNT_INFO is 23-NOV-14 11.51.11.754103 PM         

 End time of UPDATE_AWARD_AMOUNT_INFO is 23-NOV-14 11.51.12.040040 PM           

 Start time of UPDATE_AWARD_AMOUNT_TRANSACTION is 23-NOV-14 11.51.12.244026 PM  

 End time of UPDATE_AWARD_AMOUNT_TRANSACTION is 23-NOV-14 11.51.12.429366 PM    

 Start time of UPDATE_AWARD_AMT_FNA_DISTRIBUTION is 23-NOV-14 11.51.12.534778 PM

 End time of UPDATE_AWARD_AMT_FNA_DISTRIBUTION is 23-NOV-14 11.51.14.179417 PM  

Completed Award : 23-NOV-14 11.51.14.283681 PM                                  

Completed Award : 23-NOV-14 11.51.14.388803 PM                                  

insert development proposal: 23-NOV-14 11.51.14.619614 PM                       

 Start time of insert to EPS_PROPOSAL is 23-NOV-14 11.51.14.874065 PM           

                                                                               
Successfully inserted EPS_PROPOSAL and EPS_PROPOSAL_DOCUMENT                    

     41074                                                                      

 End time of insert to EPS_PROPOSAL is 23-NOV-14 11.51.15.636815 PM             

 Start time of insert to EPS_PROPOSAL is 23-NOV-14 11.51.15.813686 PM           

 End time of updating EPS_PROPOSAL is 23-NOV-14 11.51.16.229791 PM              

Completed development proposal: 23-NOV-14 11.51.16.404263 PM                    

insert budget proposal: 23-NOV-14 11.51.16.514278 PM                            

 Start time of BUDGET is 23-NOV-14 11.51.16.616772 PM                           

 End time of BUDGET is 23-NOV-14 11.51.16.896885 PM                             

 Start time of BUDGET_PERIODS is 23-NOV-14 11.51.17.003929 PM                   

 End time of BUDGET_PERIODS is 23-NOV-14 11.51.17.212468 PM                     

 Start time of BUDGET_MODULAR is 23-NOV-14 11.51.17.314194 PM                   

 End time of BUDGET_MODULAR is 23-NOV-14 11.51.17.520675 PM                     

 Start time of BUDGET_MODULAR_IDC script is 23-NOV-14 11.51.17.871734 PM        

 End time of BUDGET_MODULAR_IDC script is 23-NOV-14 11.51.18.082450 PM          

 Start time of BUDGET_PERSONS is 23-NOV-14 11.51.18.194389 PM                   

 End time of BUDGET_PERSONS is 23-NOV-14 11.51.18.409369 PM                     

 Start time of BUDGET_DETAILS,BUDGET_DETAILS_CAL_AMTS,BUDGET_RATE_AND_BASE  scri
pt is 23-NOV-14 11.51.18.514847 PM                                              
                                                                                

 End time of BUDGET_DETAILS,BUDGET_DETAILS_CAL_AMTS,BUDGET_RATE_AND_BASE  script
 is 23-NOV-14 11.51.18.807325 PM                                                
                                                                                

 Start time of BUDGET_PERSONNEL_DETAILS,BUDGET_PERSONNEL_CAL_AMTS,BUDGET_PER_DET
_RATE_AND_BASE  script is 23-NOV-14 11.51.18.909341 PM                          
                                                                                

 End time of BUDGET_PERSONNEL_DETAILS,BUDGET_PERSONNEL_CAL_AMTS,BUDGET_PER_DET_R
ATE_AND_BASE  script is 23-NOV-14 11.51.19.292022 PM                            
                                                                                

 Start time of BUDGET_PROJECT_INCOME is 23-NOV-14 11.51.19.394110 PM            

 End time of BUDGET_PROJECT_INCOME is 23-NOV-14 11.51.19.754306 PM              

 Start time of EPS_PROP_COST_SHARING is 23-NOV-14 11.51.19.859536 PM            

 End time of EPS_PROP_COST_SHARING is 23-NOV-14 11.51.20.327253 PM              

 Start time of EPS_PROP_RATES, EPS_PROP_LA_RATES script is 23-NOV-14 11.51.20.42
9351 PM                                                                         
                                                                                

 End time of EPS_PROP_RATES, EPS_PROP_LA_RATES script is 23-NOV-14 11.51.20.8139
42 PM                                                                           
                                                                                

 Start time of EPS_PROP_IDC_RATE script is 23-NOV-14 11.51.20.922204 PM         

 End time of EPS_PROP_IDC_RATE script is 23-NOV-14 11.51.21.269106 PM           

Completed budget : 23-NOV-14 11.51.21.373839 PM                                 

Completed budget : 23-NOV-14 11.51.21.473504 PM                                 

insert Institute proposal: 23-NOV-14 11.51.21.829008 PM                         

 Start time of  Insert to PROPOSAL is 23-NOV-14 11.51.21.931949 PM              
Completed PROPOSAL  AND ITS INDICATOR TABLES!!!                                 

 Start time of PROPOSAL KREW TABLES  is 23-NOV-14 11.51.22.369390 PM            

 297366327                                                                      

 End time of PROPOSAL KREW TABLES  is 23-NOV-14 11.51.24.579714 PM              

 End time of  Insert to PROPOSAL is 23-NOV-14 11.51.24.681748 PM                

 Start time of Insert to PROPOSAL_ADMIN_DETAILS is 23-NOV-14 11.51.24.792169 PM 

 End time of  Insert to PROPOSAL_ADMIN_DETAILS is 23-NOV-14 11.51.24.981867 PM  

 Start time of  update PROPOSAL is 23-NOV-14 11.51.25.087093 PM                 

 End time of  update PROPOSAL is 23-NOV-14 11.51.25.308735 PM                   

 Start time of update PROPOSAL_ADMIN_DETAILS is 23-NOV-14 11.51.25.404554 PM    

 End time of  Update PROPOSAL_ADMIN_DETAILS is 23-NOV-14 11.51.25.599578 PM     

Completed Institute proposal : 23-NOV-14 11.51.25.889420 PM                     

Completed Institute proposal : 23-NOV-14 11.51.25.994166 PM                     
declare
*
ERROR at line 1:
ORA-24247: network access denied by access control list (ACL) 
ORA-06512: at "SYS.UTL_TCP", line 17 
ORA-06512: at "SYS.UTL_TCP", line 267 
ORA-06512: at "SYS.UTL_SMTP", line 161 
ORA-06512: at "SYS.UTL_SMTP", line 197 
ORA-06512: at "KCSO.KC_MAIL_GENERIC_PKG", line 130 
ORA-06512: at line 122 



Completed syncing, end time: 23-NOV-14 11.51.28.154617 PM                       
