
Started syncing, start time: 08-JAN-15 04.40.41.699843 PM                       

insert bo: 08-JAN-15 04.40.41.850939 PM                                         

Completed bo : 08-JAN-15 04.40.42.833510 PM                                     

Completed bo : 08-JAN-15 04.40.42.847069 PM                                     

insert award: 08-JAN-15 04.40.48.736795 PM                                      
CREATE INDEX OSP$PERSON_I ON OSP$PERSON(PERSON_ID)
             *
ERROR at line 1:
ORA-00955: name is already used by an existing object 



 Start time of AWARD is                                                         
Missing data in AWARD,AWARD_NUMBER/SEQUENCE NUMBER - AWARD_ID:023947-001 /      
1-6075131ORA-02291: integrity constraint (KCSO.FK_AWARD_UNIT) violated - parent 
key not found                                                                   

     23960                                                                      

 End time of AWARD is                                                           
select ' Start time of insert AWARD Krew is ' from dual;--populating krew_tables in insert_award.sqlselect ' End time of insert AWARD Krew is ' from dual;/
                                                       *
ERROR at line 1:
ORA-00911: invalid character 



 End time of TEMP TABLES FOR AWARD MODULE  is                                   

 Start time of VERSION_HISTORY  is                                              
Completed VERSION_HISTORY!!!                                                    

 End time of VERSION_HISTORY  is                                                

 Start time of AWARD_SPECIAL_REVIEW script is                                   

 End time of AWARD_SPECIAL_REVIEW script is                                     

 Start time of AWARD_SPECIAL_REVIEW Update script is                            
Error while fetching AWARD_ID using AWARD_NUMBER:023947-00001 and               
SEQUENCE_NUMBER:1and error is:ORA-01403: no data found                          

 End time of AWARD_SPECIAL_REVIEW Update script is                              

 Start time of AWARD_COST_SHARE  script is                                      

 End time of AWARD_COST_SHARE script is                                         

 Start time of AWARD_APPROVED_EQUIPMENT  script is                              

 End time of AWARD_APPROVED_EQUIPMENT  script is                                

 Start time of AWARD_APPROVED_FOREIGN_TRAVEL  script is                         

 End time of AWARD_APPROVED_FOREIGN_TRAVEL script is                            

 Start time of AWARD_PAYMENT_SCHEDULE script is                                 

 End time of AWARD_PAYMENT_SCHEDULE script is                                   

 Start time of AWARD_SCIENCE_KEYWORD script is                                  
DECLARE
*
ERROR at line 1:
ORA-01403: no data found 
ORA-06512: at line 26 



 End time of AWARD_SCIENCE_KEYWORD script is                                    

 Start time of AWARD_IDC_RATE script is                                         

 End time of AWARD_IDC_RATE script is                                           

 Start time of AWARD_APPROVED_SUBAWARDS script is                               
DECLARE
*
ERROR at line 1:
ORA-20100: Error generating Subcontract notificationsORA-04091: table 
KCSO.AWARD_APPROVED_SUBAWARDS is mutating, trigger/function may not see it 
ORA-06512: at "KCSO.T_AWD_APPR_SUB_BFR_IN_ROW", line 60 
ORA-04088: error during execution of trigger 'KCSO.T_AWD_APPR_SUB_BFR_IN_ROW' 
ORA-06512: at line 39 



 End time of AWARD_APPROVED_SUBAWARDS script is                                 

 Start time of AWARD_TRANSFERRING_SPONSOR is                                    

 End time of AWARD_TRANSFERRING_SPONSOR is                                      

 Start time of AWARD_PERSONS(Key Person) script is                              

 End time of AWARD_PERSONS(Key Person) script is                                

 Start time of AWARD_PERSONS(Investigators) script is                           

 End time of AWARD_PERSONS(Investigators) script is                             

 Start time of AWARD_SPONSOR_TERM script is                                     

 End time of AWARD_SPONSOR_TERM script is                                       

 Start time of AWARD_ATTACHMENT is                                              
Completed AWARD_ATTACHMENT!!!                                                   

 End time of AWARD_ATTACHMENT is                                                

 Start time of AWARD_ATTACHMENT VERSIONNING  is                                 

 End time of AWARD_ATTACHMENT VERSIONNING  is                                   

 Start time of AWARD_CUSTOM_DATA  is                                            

 End time of AWARD_CUSTOM_DATA  is                                              
CREATE INDEX AWARD_COMMENT_I1 ON AWARD_COMMENT(AWARD_NUMBER,SEQUENCE_NUMBER,COMMENT_TYPE_CODE)
             *
ERROR at line 1:
ORA-00955: name is already used by an existing object 



 Start time of AWARD_COMMENT update script is                                   

 End time of AWARD_COMMENT update script is                                     

 Start time of AWARD_CLOSEOUT  is                                               

 End time of AWARD_CLOSEOUT  is                                                 

 Start time of AWARD_PERSON_UNITS script is                                     
Error in "insert_award_person_units.sql" 010651-00001,138,900016986 - ORA-01403:
no data found                                                                   
Error in "insert_award_person_units.sql" 010651-00001,138,900041417 - ORA-01403:
no data found                                                                   
Error in "insert_award_person_units.sql" 010651-00001,138,900024660 - ORA-01403:
no data found                                                                   
Error in "insert_award_person_units.sql" 015962-00001,21,900049032 - ORA-01422: 
exact fetch returns more than requested number of rows                          
Error in "insert_award_person_units.sql" 017172-00001,23,993764481 - ORA-01403: 
no data found                                                                   
Error in "insert_award_person_units.sql" 018012-00001,65,900026186 - ORA-01422: 
exact fetch returns more than requested number of rows                          
Error in "insert_award_person_units.sql" 018220-00001,17,900019051 - ORA-01403: 
no data found                                                                   
Error in "insert_award_person_units.sql" 018466-00009,11,900006166 - ORA-01422: 
exact fetch returns more than requested number of rows                          
Error in "insert_award_person_units.sql" 018466-00009,11,900045673 - ORA-01422: 
exact fetch returns more than requested number of rows                          
Error in "insert_award_person_units.sql" 018466-00009,11,900049951 - ORA-01422: 
exact fetch returns more than requested number of rows                          
Error in "insert_award_person_units.sql" 018466-00009,11,900017152 - ORA-01422: 
exact fetch returns more than requested number of rows                          
Error in "insert_award_person_units.sql" 018466-00009,11,900025260 - ORA-01422: 
exact fetch returns more than requested number of rows                          
Error in "insert_award_person_units.sql" 018466-00009,11,982003038 - ORA-01422: 
exact fetch returns more than requested number of rows                          
Error in "insert_award_person_units.sql" 019186-00001,14,900034285 - ORA-01403: 
no data found                                                                   
Error in "insert_award_person_units.sql" 019219-00001,32,900027293 - ORA-01403: 
no data found                                                                   
Error in "insert_award_person_units.sql" 019219-00001,32,900029152 - ORA-01403: 
no data found                                                                   
Error in "insert_award_person_units.sql" 019219-00001,32,900010037 - ORA-01403: 
no data found                                                                   
Error in "insert_award_person_units.sql" 019219-00001,32,900050297 - ORA-01403: 
no data found                                                                   
Error in "insert_award_person_units.sql" 019219-00001,32,900010086 - ORA-01403: 
no data found                                                                   
Error in "insert_award_person_units.sql" 019219-00001,32,900051964 - ORA-01403: 
no data found                                                                   
Error in "insert_award_person_units.sql" 019219-00001,32,900029278 - ORA-01403: 
no data found                                                                   
Error in "insert_award_person_units.sql" 019346-00001,14,900039728 - ORA-01403: 
no data found                                                                   
Error in "insert_award_person_units.sql" 020006-00001,15,900015963 - ORA-01403: 
no data found                                                                   
Error in "insert_award_person_units.sql" 021005-00005,8,900022750 - ORA-01403:  
no data found                                                                   
Error in "insert_award_person_units.sql" 021005-00005,8,900036149 - ORA-01403:  
no data found                                                                   
Error in "insert_award_person_units.sql" 021463-00001,17,900025401 - ORA-01403: 
no data found                                                                   
Error in "insert_award_person_units.sql" 021893-00059,4,900028747 - ORA-01403:  
no data found                                                                   
Error in "insert_award_person_units.sql" 021893-00059,4,900028747 - ORA-01403:  
no data found                                                                   
Error in "insert_award_person_units.sql" 021978-00001,52,900041188 - ORA-01422: 
exact fetch returns more than requested number of rows                          
Error in "insert_award_person_units.sql" 021978-00001,52,969230492 - ORA-01422: 
exact fetch returns more than requested number of rows                          
Error in "insert_award_person_units.sql" 021978-00001,52,900021282 - ORA-01422: 
exact fetch returns more than requested number of rows                          
Error in "insert_award_person_units.sql" 021978-00001,52,900022891 - ORA-01422: 
exact fetch returns more than requested number of rows                          
Error in "insert_award_person_units.sql" 021978-00001,52,924653902 - ORA-01422: 
exact fetch returns more than requested number of rows                          
Error in "insert_award_person_units.sql" 021978-00001,52,900029114 - ORA-01422: 
exact fetch returns more than requested number of rows                          
Error in "insert_award_person_units.sql" 022079-00001,8,900044128 - ORA-01422:  
exact fetch returns more than requested number of rows                          
Error in "insert_award_person_units.sql" 022079-00001,8,975091029 - ORA-01422:  
exact fetch returns more than requested number of rows                          
Error in "insert_award_person_units.sql" 022079-00001,8,900057398 - ORA-01422:  
exact fetch returns more than requested number of rows                          
Error in "insert_award_person_units.sql" 022079-00001,8,900058207 - ORA-01422:  
exact fetch returns more than requested number of rows                          
Error in "insert_award_person_units.sql" 022079-00001,8,922199921 - ORA-01422:  
exact fetch returns more than requested number of rows                          
Error in "insert_award_person_units.sql" 022079-00001,8,920620810 - ORA-01422:  
exact fetch returns more than requested number of rows                          
Error in "insert_award_person_units.sql" 022079-00001,8,900024673 - ORA-01422:  
exact fetch returns more than requested number of rows                          
Error in "insert_award_person_units.sql" 022100-00001,15,900034285 - ORA-01422: 
exact fetch returns more than requested number of rows                          
Error in "insert_award_person_units.sql" 022100-00001,15,900003808 - ORA-01422: 
exact fetch returns more than requested number of rows                          
Error in "insert_award_person_units.sql" 022405-00011,2,953350758 - ORA-01403:  
no data found                                                                   
Error in "insert_award_person_units.sql" 022405-00011,2,920270766 - ORA-01403:  
no data found                                                                   
Error in "insert_award_person_units.sql" 022405-00011,2,995864713 - ORA-01403:  
no data found                                                                   
Error in "insert_award_person_units.sql" 022441-00001,10,900036486 - ORA-01403: 
no data found                                                                   
Error in "insert_award_person_units.sql" 022441-00001,10,900004750 - ORA-01403: 
no data found                                                                   
Error in "insert_award_person_units.sql" 022538-00001,12,900029272 - ORA-01403: 
no data found                                                                   
Error in "insert_award_person_units.sql" 022538-00001,12,975348694 - ORA-01403: 
no data found                                                                   
Error in "insert_award_person_units.sql" 022581-00001,6,923330873 - ORA-01403:  
no data found                                                                   
Error in "insert_award_person_units.sql" 022773-00001,11,900022841 - ORA-01422: 
exact fetch returns more than requested number of rows                          
Error in "insert_award_person_units.sql" 022942-00001,8,900053089 - ORA-01422:  
exact fetch returns more than requested number of rows                          
Error in "insert_award_person_units.sql" 023607-00003,3,900036230 - ORA-01403:  
no data found                                                                   
Error in "insert_award_person_units.sql" 023883-00001,4,900027107 - ORA-01403:  
no data found                                                                   
Error in "insert_award_person_units.sql" 023883-00001,4,920044552 - ORA-01403:  
no data found                                                                   
Error in "insert_award_person_units.sql" 023913-00002,2,900017862 - ORA-01403:  
no data found                                                                   
Error in "insert_award_person_units.sql" 023913-00002,1,900017862 - ORA-01403:  
no data found                                                                   
Error in "insert_award_person_units.sql" 023928-00001,3,916672397 - ORA-01422:  
exact fetch returns more than requested number of rows                          
Error in "insert_award_person_units.sql" 023934-00001,3,900005284 - ORA-01403:  
no data found                                                                   

 End time of AWARD_PERSON_UNITS script is                                       

 Start time of AWARD_NOTEPAD script is                                          
Completed AWARD_NOTEPAD!!!                                                      

 End time of AWARD_NOTEPAD script is                                            

 Start time of AWARD_SPONSOR_CONTACTS script is                                 

 End time of AWARD_SPONSOR_CONTACTS script is                                   

 Start time of AWARD_REPORT_TERMS,AWARD_REP_TERMS_RECNT script is               
Error in "insert_award_report_terms.sql" 016812-00001,11,-1 - ORA-02291:        
integrity constraint (KCSO.FK3_AWARD_REPORT_TERMS) violated - parent key not    
found                                                                           
Error in "insert_award_report_terms.sql" 016812-00001,11,-1 - ORA-02291:        
integrity constraint (KCSO.FK3_AWARD_REPORT_TERMS) violated - parent key not    
found                                                                           
Error in "insert_award_report_terms.sql" 019219-00001,31,-1 - ORA-02291:        
integrity constraint (KCSO.FK3_AWARD_REPORT_TERMS) violated - parent key not    
found                                                                           
Error in "insert_award_report_terms.sql" 019219-00001,32,-1 - ORA-02291:        
integrity constraint (KCSO.FK3_AWARD_REPORT_TERMS) violated - parent key not    
found                                                                           
Error in "insert_award_report_terms.sql" 021038-00001,7,-1 - ORA-02291:         
integrity constraint (KCSO.FK3_AWARD_REPORT_TERMS) violated - parent key not    
found                                                                           
Error in "insert_award_report_terms.sql" 021893-00001,24,-1 - ORA-02291:        
integrity constraint (KCSO.FK3_AWARD_REPORT_TERMS) violated - parent key not    
found                                                                           
Error in "insert_award_report_terms.sql" 021893-00059,4,-1 - ORA-02291:         
integrity constraint (KCSO.FK3_AWARD_REPORT_TERMS) violated - parent key not    
found                                                                           
Error in "insert_award_report_terms.sql" 021893-00059,5,-1 - ORA-02291:         
integrity constraint (KCSO.FK3_AWARD_REPORT_TERMS) violated - parent key not    
found                                                                           
Error in "insert_award_report_terms.sql" 021920-00001,29,-1 - ORA-02291:        
integrity constraint (KCSO.FK3_AWARD_REPORT_TERMS) violated - parent key not    
found                                                                           
Error in "insert_award_report_terms.sql" 021970-00001,13,-1 - ORA-02291:        
integrity constraint (KCSO.FK3_AWARD_REPORT_TERMS) violated - parent key not    
found                                                                           
Error in "insert_award_report_terms.sql" 022441-00001,10,-1 - ORA-02291:        
integrity constraint (KCSO.FK3_AWARD_REPORT_TERMS) violated - parent key not    
found                                                                           
Error in "insert_award_report_terms.sql" 022441-00001,10,-1 - ORA-02291:        
integrity constraint (KCSO.FK3_AWARD_REPORT_TERMS) violated - parent key not    
found                                                                           
Error in "insert_award_report_terms.sql" 022441-00001,11,-1 - ORA-02291:        
integrity constraint (KCSO.FK3_AWARD_REPORT_TERMS) violated - parent key not    
found                                                                           
Error in "insert_award_report_terms.sql" 022441-00001,11,-1 - ORA-02291:        
integrity constraint (KCSO.FK3_AWARD_REPORT_TERMS) violated - parent key not    
found                                                                           
Error in "insert_award_report_terms.sql" 022498-00010,1,-1 - ORA-02291:         
integrity constraint (KCSO.FK3_AWARD_REPORT_TERMS) violated - parent key not    
found                                                                           
Error in "insert_award_report_terms.sql" 022498-00010,1,-1 - ORA-02291:         
integrity constraint (KCSO.FK3_AWARD_REPORT_TERMS) violated - parent key not    
found                                                                           
Error in "insert_award_report_terms.sql" 022498-00010,1,-1 - ORA-02291:         
integrity constraint (KCSO.FK3_AWARD_REPORT_TERMS) violated - parent key not    
found                                                                           
Error in "insert_award_report_terms.sql" 022498-00011,1,-1 - ORA-02291:         
integrity constraint (KCSO.FK3_AWARD_REPORT_TERMS) violated - parent key not    
found                                                                           
Error in "insert_award_report_terms.sql" 022498-00011,1,-1 - ORA-02291:         
integrity constraint (KCSO.FK3_AWARD_REPORT_TERMS) violated - parent key not    
found                                                                           
Error in "insert_award_report_terms.sql" 022498-00011,1,-1 - ORA-02291:         
integrity constraint (KCSO.FK3_AWARD_REPORT_TERMS) violated - parent key not    
found                                                                           
Error in "insert_award_report_terms.sql" 022498-00012,1,-1 - ORA-02291:         
integrity constraint (KCSO.FK3_AWARD_REPORT_TERMS) violated - parent key not    
found                                                                           
Error in "insert_award_report_terms.sql" 022498-00012,1,-1 - ORA-02291:         
integrity constraint (KCSO.FK3_AWARD_REPORT_TERMS) violated - parent key not    
found                                                                           
Error in "insert_award_report_terms.sql" 022498-00012,1,-1 - ORA-02291:         
integrity constraint (KCSO.FK3_AWARD_REPORT_TERMS) violated - parent key not    
found                                                                           
Error in "insert_award_report_terms.sql" 022498-00013,1,-1 - ORA-02291:         
integrity constraint (KCSO.FK3_AWARD_REPORT_TERMS) violated - parent key not    
found                                                                           
Error in "insert_award_report_terms.sql" 022498-00013,1,-1 - ORA-02291:         
integrity constraint (KCSO.FK3_AWARD_REPORT_TERMS) violated - parent key not    
found                                                                           
Error in "insert_award_report_terms.sql" 022498-00013,1,-1 - ORA-02291:         
integrity constraint (KCSO.FK3_AWARD_REPORT_TERMS) violated - parent key not    
found                                                                           
Error in "insert_award_report_terms.sql" 022498-00014,1,-1 - ORA-02291:         
integrity constraint (KCSO.FK3_AWARD_REPORT_TERMS) violated - parent key not    
found                                                                           
Error in "insert_award_report_terms.sql" 022498-00014,1,-1 - ORA-02291:         
integrity constraint (KCSO.FK3_AWARD_REPORT_TERMS) violated - parent key not    
found                                                                           
Error in "insert_award_report_terms.sql" 022498-00014,1,-1 - ORA-02291:         
integrity constraint (KCSO.FK3_AWARD_REPORT_TERMS) violated - parent key not    
found                                                                           
Error in "insert_award_report_terms.sql" 022498-00015,1,-1 - ORA-02291:         
integrity constraint (KCSO.FK3_AWARD_REPORT_TERMS) violated - parent key not    
found                                                                           
Error in "insert_award_report_terms.sql" 022498-00015,1,-1 - ORA-02291:         
integrity constraint (KCSO.FK3_AWARD_REPORT_TERMS) violated - parent key not    
found                                                                           
Error in "insert_award_report_terms.sql" 022498-00015,1,-1 - ORA-02291:         
integrity constraint (KCSO.FK3_AWARD_REPORT_TERMS) violated - parent key not    
found                                                                           
Error in "insert_award_report_terms.sql" 022498-00016,1,-1 - ORA-02291:         
integrity constraint (KCSO.FK3_AWARD_REPORT_TERMS) violated - parent key not    
found                                                                           
Error in "insert_award_report_terms.sql" 022498-00016,1,-1 - ORA-02291:         
integrity constraint (KCSO.FK3_AWARD_REPORT_TERMS) violated - parent key not    
found                                                                           
Error in "insert_award_report_terms.sql" 022498-00016,1,-1 - ORA-02291:         
integrity constraint (KCSO.FK3_AWARD_REPORT_TERMS) violated - parent key not    
found                                                                           
Error in "insert_award_report_terms.sql" 022498-00017,1,-1 - ORA-02291:         
integrity constraint (KCSO.FK3_AWARD_REPORT_TERMS) violated - parent key not    
found                                                                           
Error in "insert_award_report_terms.sql" 022498-00017,1,-1 - ORA-02291:         
integrity constraint (KCSO.FK3_AWARD_REPORT_TERMS) violated - parent key not    
found                                                                           
Error in "insert_award_report_terms.sql" 022498-00017,1,-1 - ORA-02291:         
integrity constraint (KCSO.FK3_AWARD_REPORT_TERMS) violated - parent key not    
found                                                                           
Error in "insert_award_report_terms.sql" 022498-00018,1,-1 - ORA-02291:         
integrity constraint (KCSO.FK3_AWARD_REPORT_TERMS) violated - parent key not    
found                                                                           
Error in "insert_award_report_terms.sql" 022498-00018,1,-1 - ORA-02291:         
integrity constraint (KCSO.FK3_AWARD_REPORT_TERMS) violated - parent key not    
found                                                                           
Error in "insert_award_report_terms.sql" 022498-00018,1,-1 - ORA-02291:         
integrity constraint (KCSO.FK3_AWARD_REPORT_TERMS) violated - parent key not    
found                                                                           
Error in "insert_award_report_terms.sql" 022498-00019,1,-1 - ORA-02291:         
integrity constraint (KCSO.FK3_AWARD_REPORT_TERMS) violated - parent key not    
found                                                                           
Error in "insert_award_report_terms.sql" 022498-00019,1,-1 - ORA-02291:         
integrity constraint (KCSO.FK3_AWARD_REPORT_TERMS) violated - parent key not    
found                                                                           
Error in "insert_award_report_terms.sql" 022498-00019,1,-1 - ORA-02291:         
integrity constraint (KCSO.FK3_AWARD_REPORT_TERMS) violated - parent key not    
found                                                                           
Error in "insert_award_report_terms.sql" 022498-00020,1,-1 - ORA-02291:         
integrity constraint (KCSO.FK3_AWARD_REPORT_TERMS) violated - parent key not    
found                                                                           
Error in "insert_award_report_terms.sql" 022498-00020,1,-1 - ORA-02291:         
integrity constraint (KCSO.FK3_AWARD_REPORT_TERMS) violated - parent key not    
found                                                                           
Error in "insert_award_report_terms.sql" 022498-00020,1,-1 - ORA-02291:         
integrity constraint (KCSO.FK3_AWARD_REPORT_TERMS) violated - parent key not    
found                                                                           
Error in "insert_award_report_terms.sql" 022498-00021,1,-1 - ORA-02291:         
integrity constraint (KCSO.FK3_AWARD_REPORT_TERMS) violated - parent key not    
found                                                                           
Error in "insert_award_report_terms.sql" 022498-00021,1,-1 - ORA-02291:         
integrity constraint (KCSO.FK3_AWARD_REPORT_TERMS) violated - parent key not    
found                                                                           
Error in "insert_award_report_terms.sql" 022498-00021,1,-1 - ORA-02291:         
integrity constraint (KCSO.FK3_AWARD_REPORT_TERMS) violated - parent key not    
found                                                                           
Error in "insert_award_report_terms.sql" 022498-00022,1,-1 - ORA-02291:         
integrity constraint (KCSO.FK3_AWARD_REPORT_TERMS) violated - parent key not    
found                                                                           
Error in "insert_award_report_terms.sql" 022498-00022,1,-1 - ORA-02291:         
integrity constraint (KCSO.FK3_AWARD_REPORT_TERMS) violated - parent key not    
found                                                                           
Error in "insert_award_report_terms.sql" 022498-00022,1,-1 - ORA-02291:         
integrity constraint (KCSO.FK3_AWARD_REPORT_TERMS) violated - parent key not    
found                                                                           
Error in "insert_award_report_terms.sql" 022498-00022,2,-1 - ORA-02291:         
integrity constraint (KCSO.FK3_AWARD_REPORT_TERMS) violated - parent key not    
found                                                                           
Error in "insert_award_report_terms.sql" 022498-00022,2,-1 - ORA-02291:         
integrity constraint (KCSO.FK3_AWARD_REPORT_TERMS) violated - parent key not    
found                                                                           
Error in "insert_award_report_terms.sql" 022498-00022,2,-1 - ORA-02291:         
integrity constraint (KCSO.FK3_AWARD_REPORT_TERMS) violated - parent key not    
found                                                                           
Error in "insert_award_report_terms.sql" 022498-00023,1,-1 - ORA-02291:         
integrity constraint (KCSO.FK3_AWARD_REPORT_TERMS) violated - parent key not    
found                                                                           
Error in "insert_award_report_terms.sql" 022498-00023,1,-1 - ORA-02291:         
integrity constraint (KCSO.FK3_AWARD_REPORT_TERMS) violated - parent key not    
found                                                                           
Error in "insert_award_report_terms.sql" 022498-00023,1,-1 - ORA-02291:         
integrity constraint (KCSO.FK3_AWARD_REPORT_TERMS) violated - parent key not    
found                                                                           
Error in "insert_award_report_terms.sql" 022498-00024,1,-1 - ORA-02291:         
integrity constraint (KCSO.FK3_AWARD_REPORT_TERMS) violated - parent key not    
found                                                                           
Error in "insert_award_report_terms.sql" 022498-00024,1,-1 - ORA-02291:         
integrity constraint (KCSO.FK3_AWARD_REPORT_TERMS) violated - parent key not    
found                                                                           
Error in "insert_award_report_terms.sql" 022498-00024,1,-1 - ORA-02291:         
integrity constraint (KCSO.FK3_AWARD_REPORT_TERMS) violated - parent key not    
found                                                                           
Error in "insert_award_report_terms.sql" 022498-00025,1,-1 - ORA-02291:         
integrity constraint (KCSO.FK3_AWARD_REPORT_TERMS) violated - parent key not    
found                                                                           
Error in "insert_award_report_terms.sql" 022498-00025,1,-1 - ORA-02291:         
integrity constraint (KCSO.FK3_AWARD_REPORT_TERMS) violated - parent key not    
found                                                                           
Error in "insert_award_report_terms.sql" 022498-00025,1,-1 - ORA-02291:         
integrity constraint (KCSO.FK3_AWARD_REPORT_TERMS) violated - parent key not    
found                                                                           
Error in "insert_award_report_terms.sql" 022498-00026,1,-1 - ORA-02291:         
integrity constraint (KCSO.FK3_AWARD_REPORT_TERMS) violated - parent key not    
found                                                                           
Error in "insert_award_report_terms.sql" 022498-00026,1,-1 - ORA-02291:         
integrity constraint (KCSO.FK3_AWARD_REPORT_TERMS) violated - parent key not    
found                                                                           
Error in "insert_award_report_terms.sql" 022498-00026,1,-1 - ORA-02291:         
integrity constraint (KCSO.FK3_AWARD_REPORT_TERMS) violated - parent key not    
found                                                                           
Error in "insert_award_report_terms.sql" 022510-00001,4,-1 - ORA-02291:         
integrity constraint (KCSO.FK3_AWARD_REPORT_TERMS) violated - parent key not    
found                                                                           
Error in "insert_award_report_terms.sql" 022510-00001,4,-1 - ORA-02291:         
integrity constraint (KCSO.FK3_AWARD_REPORT_TERMS) violated - parent key not    
found                                                                           
Error in "insert_award_report_terms.sql" 022510-00001,4,-1 - ORA-02291:         
integrity constraint (KCSO.FK3_AWARD_REPORT_TERMS) violated - parent key not    
found                                                                           
Error in "insert_award_report_terms.sql" 022695-00001,7,-1 - ORA-02291:         
integrity constraint (KCSO.FK3_AWARD_REPORT_TERMS) violated - parent key not    
found                                                                           
Error in "insert_award_report_terms.sql" 022695-00001,7,-1 - ORA-02291:         
integrity constraint (KCSO.FK3_AWARD_REPORT_TERMS) violated - parent key not    
found                                                                           
Error in "insert_award_report_terms.sql" 022734-00002,8,-1 - ORA-02291:         
integrity constraint (KCSO.FK3_AWARD_REPORT_TERMS) violated - parent key not    
found                                                                           
Error in "insert_award_report_terms.sql" 022773-00001,11,-1 - ORA-02291:        
integrity constraint (KCSO.FK3_AWARD_REPORT_TERMS) violated - parent key not    
found                                                                           
Error in "insert_award_report_terms.sql" 022773-00001,11,-1 - ORA-02291:        
integrity constraint (KCSO.FK3_AWARD_REPORT_TERMS) violated - parent key not    
found                                                                           
Error in "insert_award_report_terms.sql" 022773-00001,11,-1 - ORA-02291:        
integrity constraint (KCSO.FK3_AWARD_REPORT_TERMS) violated - parent key not    
found                                                                           
Error in "insert_award_report_terms.sql" 022773-00001,11,-1 - ORA-02291:        
integrity constraint (KCSO.FK3_AWARD_REPORT_TERMS) violated - parent key not    
found                                                                           
Error in "insert_award_report_terms.sql" 022773-00001,11,-1 - ORA-02291:        
integrity constraint (KCSO.FK3_AWARD_REPORT_TERMS) violated - parent key not    
found                                                                           
Error in "insert_award_report_terms.sql" 023165-00007,3,-1 - ORA-02291:         
integrity constraint (KCSO.FK3_AWARD_REPORT_TERMS) violated - parent key not    
found                                                                           
Error in "insert_award_report_terms.sql" 023891-00002,1,-1 - ORA-02291:         
integrity constraint (KCSO.FK3_AWARD_REPORT_TERMS) violated - parent key not    
found                                                                           
Error in "insert_award_report_terms.sql" 023891-00002,1,-1 - ORA-02291:         
integrity constraint (KCSO.FK3_AWARD_REPORT_TERMS) violated - parent key not    
found                                                                           
Error in "insert_award_report_terms.sql" 023891-00002,1,-1 - ORA-02291:         
integrity constraint (KCSO.FK3_AWARD_REPORT_TERMS) violated - parent key not    
found                                                                           
Error in "insert_award_report_terms.sql" 023891-00002,2,-1 - ORA-02291:         
integrity constraint (KCSO.FK3_AWARD_REPORT_TERMS) violated - parent key not    
found                                                                           
Error in "insert_award_report_terms.sql" 023891-00002,2,-1 - ORA-02291:         
integrity constraint (KCSO.FK3_AWARD_REPORT_TERMS) violated - parent key not    
found                                                                           
Error in "insert_award_report_terms.sql" 023891-00002,2,-1 - ORA-02291:         
integrity constraint (KCSO.FK3_AWARD_REPORT_TERMS) violated - parent key not    
found                                                                           
Error in "insert_award_report_terms.sql" 023891-00003,1,-1 - ORA-02291:         
integrity constraint (KCSO.FK3_AWARD_REPORT_TERMS) violated - parent key not    
found                                                                           
Error in "insert_award_report_terms.sql" 023891-00003,1,-1 - ORA-02291:         
integrity constraint (KCSO.FK3_AWARD_REPORT_TERMS) violated - parent key not    
found                                                                           
Error in "insert_award_report_terms.sql" 023891-00003,1,-1 - ORA-02291:         
integrity constraint (KCSO.FK3_AWARD_REPORT_TERMS) violated - parent key not    
found                                                                           
Error in "insert_award_report_terms.sql" 023943-00001,2,-1 - ORA-02291:         
integrity constraint (KCSO.FK3_AWARD_REPORT_TERMS) violated - parent key not    
found                                                                           
Error in "insert_award_report_terms.sql" 023943-00001,2,-1 - ORA-02291:         
integrity constraint (KCSO.FK3_AWARD_REPORT_TERMS) violated - parent key not    
found                                                                           
Error in "insert_award_report_terms.sql" 023943-00001,2,-1 - ORA-02291:         
integrity constraint (KCSO.FK3_AWARD_REPORT_TERMS) violated - parent key not    
found                                                                           

 End time of AWARD_REPORT_TERMS,AWARD_REP_TERMS_RECNT is                        

 Start time of AWARD_REPORT_TRACKING script is                                  

 End time of AWARD_REPORT_TRACKING  is                                          
SP2-0027: Input is too long (> 2499 characters) - line ignored

 Start time of AWARD_UNIT_CONTACTS is                                           

 End time of AWARD_UNIT_CONTACTS is                                             

 Start time of AWARD_HIERARCHY script is                                        
Completed AWARD_HIERARCHY!!!                                                    

 End time of AWARD_HIERARCHY script is                                          

 Start time of AWARD_AMOUNT_TRANSACTION is                                      
Completed AWARD_AMOUNT_INFO!!!                                                  
INSERT INTO PENDING_TRANSACTIONS(TRANSACTION_ID,DOCUMENT_NUMBER,SOURCE_AWARD_NUMBER,DESTINATION_AWARD_NUMBER,OBLIGATED_AMOUNT,ANTICIPATED_AMOUNT,COMMENTS,UPDATE_TIMESTAMP,UPDATE_USER,VER_NBR,OBJ_ID,OBLIGATED_DIRECT_AMOUNT,OBLIGATED_INDIRECT_AMOUNT,ANTICIPATED_DIRECT_AMOUNT,ANTICIPATED_INDIRECT_AMOUNT,PROCESSED_FLAG,SINGLE_NODE_TRANS)
*
ERROR at line 1:
ORA-00001: unique constraint (KCSO.PENDING_TRANSACTIONSP1) violated 



 End time of AWARD_AMOUNT_TRANSACTION is                                        

 Start time of AWARD_AMOUNT_INFO is                                             

 End time of AWARD_AMOUNT_INFO is                                               

update award: 08-JAN-15 05.28.22.559401 PM                                      

 Star time of UPDATE_AWARD is                                                   

 End time of UPDATE_AWARD is                                                    

 Start time of UPDATE_AWARD_SPECIAL_REVIEW is                                   

 End time of UPDATE_AWARD_SPECIAL_REVIEW is                                     

 Start time of AWARD_SPECIAL_REVIEW Update script is                            
Error while fetching AWARD_ID using AWARD_NUMBER:023947-00001 and               
SEQUENCE_NUMBER:1and error is:ORA-01403: no data found                          

 End time of AWARD_SPECIAL_REVIEW Update script is                              

 Start time of UPDATE_AWARD_COST_SHARE is                                       

 End time of UPDATE_AWARD_COST_SHARE is                                         

 Start time of UPDATE_AWARD_APPROVED_EQUIPMENT is                               

 End time of UPDATE_AWARD_APPROVED_EQUIPMENT is                                 

 Start time of UPDATE_AWARD_APPROVED_FOREIGN_TRAVEL is                          

 End time of UPDATE_AWARD_APPROVED_FOREIGN_TRAVEL is                            

 Start time of UPDATE_AW
