
SQL*Plus: Release 10.2.0.4.0 - Production on Mon Dec 8 11:25:09 2014

Copyright (c) 1982, 2007, Oracle.  All Rights Reserved.


Connected to:
Oracle Database 11g Enterprise Edition Release 11.2.0.4.0 - 64bit Production
With the Partitioning, OLAP, Data Mining and Real Application Testing options


8259 rows deleted.


391 rows deleted.


1480 rows deleted.


93 rows deleted.


11173 rows deleted.


1812 rows deleted.


3570 rows deleted.


9910 rows deleted.


28375 rows deleted.


135569 rows deleted.


15508 rows deleted.


0 rows deleted.


1 row deleted.


79777 rows deleted.


386 rows deleted.


885 rows deleted.


4 rows deleted.


60 rows deleted.


75 rows deleted.


54 rows deleted.


4 rows deleted.


4 rows deleted.


Commit complete.

DROP TABLE COMMITTEE_MAPPING
           *
ERROR at line 1:
ORA-00942: table or view does not exist



Table created.


11 rows created.


Table dropped.


Table created.


Commit complete.


1 row created.


Commit complete.


Table dropped.


Table created.


Commit complete.


Table dropped.


Table created.


Commit complete.


PL/SQL procedure successfully completed.


PL/SQL procedure successfully completed.


PL/SQL procedure successfully completed.


PL/SQL procedure successfully completed.


PL/SQL procedure successfully completed.


Procedure created.


PL/SQL procedure successfully completed.


PL/SQL procedure successfully completed.


Table dropped.


Table created.


Commit complete.


28375 rows created.


Commit complete.


PL/SQL procedure successfully completed.


PL/SQL procedure successfully completed.


PL/SQL procedure successfully completed.


PL/SQL procedure successfully completed.


PL/SQL procedure successfully completed.


PL/SQL procedure successfully completed.


Table dropped.


Table created.


Commit complete.


391 rows created.


Commit complete.


PL/SQL procedure successfully completed.


PL/SQL procedure successfully completed.


Procedure created.


PL/SQL procedure successfully completed.


Table dropped.


Table created.


Commit complete.


386 rows created.


Commit complete.


PL/SQL procedure successfully completed.


PL/SQL procedure successfully completed.


PL/SQL procedure successfully completed.


0 rows deleted.


140063 rows deleted.


83 rows deleted.


1 row created.


Commit complete.

Disconnected from Oracle Database 11g Enterprise Edition Release 11.2.0.4.0 - 64bit Production
With the Partitioning, OLAP, Data Mining and Real Application Testing options
