
SQL*Plus: Release 10.2.0.4.0 - Production on Tue Dec 2 09:28:47 2014

Copyright (c) 1982, 2007, Oracle.  All Rights Reserved.


Connected to:
Oracle Database 11g Enterprise Edition Release 11.2.0.4.0 - 64bit Production
With the Partitioning, OLAP, Data Mining and Real Application Testing options

TRUNCATE TABLE AWARD_FUNDING_PROPOSALS
               *
ERROR at line 1:
ORA-00942: table or view does not exist


from  award t,proposal p,OSP$AWARD_FUNDING_PROPOSALS af
                         *
ERROR at line 3:
ORA-00942: table or view does not exist


inner join PROPOSAL p on ap.PROPOSAL_ID=p.PROPOSAL_ID
           *
ERROR at line 10:
ORA-06550: line 10, column 12:
PL/SQL: ORA-00942: table or view does not exist
ORA-06550: line 9, column 1:
PL/SQL: SQL Statement ignored
ORA-06550: line 8, column 8:
PLS-00341: declaration of cursor 'C_FUND' is incomplete or malformed
ORA-06550: line 12, column 8:
PL/SQL: Item ignored
ORA-06550: line 21, column 19:
PLS-00320: the declaration of the type of this expression is incomplete or
malformed
ORA-06550: line 21, column 1:
PL/SQL: SQL Statement ignored
ORA-06550: line 24, column 165:
PLS-00320: the declaration of the type of this expression is incomplete or
malformed
ORA-06550: line 24, column 165:
PL/SQL: ORA-00904: "R_FUND"."SEQUENCE_NUMBER": invalid identifier
ORA-06550: line 24, column 1:
PL/SQL: SQL Statement ignored
ORA-06550: line 30, column 7:
PLS-00320: the declaration of the type of this expression is incomplete or
malformed
ORA-06550: line 30, column 4:
PL/SQL: Statement ignored


TRUNCATE TABLE	COMM_MEMBER_ROLES
                *
ERROR at line 1:
ORA-00942: table or view does not exist


TRUNCATE TABLE COMM_MEMBER_EXPERTISE
               *
ERROR at line 1:
ORA-00942: table or view does not exist


ALTER TABLE COMM_MEMBER_ROLES DISABLE CONSTRAINT FK_COMM_MEMBER_ROLES
*
ERROR at line 1:
ORA-00942: table or view does not exist


ALTER TABLE COMM_MEMBER_EXPERTISE DISABLE CONSTRAINT FK_COMM_MEMBER_EXPERTISE
*
ERROR at line 1:
ORA-00942: table or view does not exist


TRUNCATE TABLE COMM_MEMBERSHIPS
               *
ERROR at line 1:
ORA-00942: table or view does not exist


ALTER TABLE COMM_MEMBER_ROLES ENABLE CONSTRAINT FK_COMM_MEMBER_ROLES
*
ERROR at line 1:
ORA-00942: table or view does not exist


ALTER TABLE COMM_MEMBER_EXPERTISE ENABLE CONSTRAINT FK_COMM_MEMBER_EXPERTISE
*
ERROR at line 1:
ORA-00942: table or view does not exist



Commit complete.

SELECT SEQ_COMMITTEE_ID.NEXTVAL INTO li_membership_id FROM DUAL;
       *
ERROR at line 40:
ORA-06550: line 40, column 8:
PL/SQL: ORA-02289: sequence does not exist
ORA-06550: line 40, column 1:
PL/SQL: SQL Statement ignored
ORA-06550: line 43, column 34:
PL/SQL: ORA-00942: table or view does not exist
ORA-06550: line 43, column 1:
PL/SQL: SQL Statement ignored
ORA-06550: line 53, column 53:
PL/SQL: ORA-00942: table or view does not exist
ORA-06550: line 53, column 1:
PL/SQL: SQL Statement ignored
ORA-06550: line 68, column 13:
PL/SQL: ORA-00942: table or view does not exist
ORA-06550: line 68, column 1:
PL/SQL: SQL Statement ignored
ORA-06550: line 84, column 8:
PL/SQL: ORA-02289: sequence does not exist
ORA-06550: line 84, column 1:
PL/SQL: SQL Statement ignored
ORA-06550: line 87, column 13:
PL/SQL: ORA-00942: table or view does not exist
ORA-06550: line 87, column 1:
PL/SQL: SQL Statement ignored
ORA-06550: line 106, column 8:
PL/SQL: ORA-02289: sequence does not exist
ORA-06550: line 106, column 1:
PL/SQL: SQL Statement ignored
ORA-06550: line 108, column 13:
PL/SQL: ORA-00942: table or view d


delete from award_rep_terms_recnt where award_report_terms_id in(
            *
ERROR at line 1:
ORA-00942: table or view does not exist



Commit complete.

Disconnected from Oracle Database 11g Enterprise Edition Release 11.2.0.4.0 - 64bit Production
With the Partitioning, OLAP, Data Mining and Real Application Testing options
