
SQL*Plus: Release 10.2.0.4.0 - Production on Tue Dec 2 09:27:43 2014

Copyright (c) 1982, 2007, Oracle.  All Rights Reserved.


Connected to:
Oracle Database 11g Enterprise Edition Release 11.2.0.4.0 - 64bit Production
With the Partitioning, OLAP, Data Mining and Real Application Testing options


Table truncated.


22236 rows created.


PL/SQL procedure successfully completed.


Table truncated.


Table truncated.


Table altered.


Table altered.


Table truncated.


Table altered.


Table altered.


Commit complete.


PL/SQL procedure successfully completed.


0 rows deleted.


Commit complete.

Disconnected from Oracle Database 11g Enterprise Edition Release 11.2.0.4.0 - 64bit Production
With the Partitioning, OLAP, Data Mining and Real Application Testing options
