
SQL*Plus: Release 10.2.0.4.0 - Production on Tue Nov 18 00:33:04 2014

Copyright (c) 1982, 2007, Oracle.  All Rights Reserved.


Connected to:
Oracle Database 11g Enterprise Edition Release 11.2.0.4.0 - 64bit Production
With the Partitioning, OLAP, Data Mining and Real Application Testing options

CREATE INDEX REPORT_I ON award_report_terms(REPORT_CLASS_CODE)
             *
ERROR at line 1:
ORA-00955: name is already used by an existing object


CREATE INDEX AWARD_REP_TERM_I2 ON award_report_terms(AWARD_REPORT_TERMS_ID, REPORT_CLASS_CODE)
             *
ERROR at line 1:
ORA-00955: name is already used by an existing object



Table altered.


Table altered.


Table altered.


Table altered.


Table altered.


Table altered.


Table altered.


Table altered.


0 rows deleted.


Commit complete.


0 rows deleted.


Commit complete.


Table altered.


Table altered.


Table altered.


Table altered.


Table altered.


Table altered.


Table altered.


Table altered.


PL/SQL procedure successfully completed.


Commit complete.


Table altered.


Table altered.


Table altered.


Table altered.


Table altered.


2 rows deleted.


Commit complete.


PL/SQL procedure successfully completed.


Commit complete.


Table altered.


Table altered.


Table altered.


Table altered.


Table altered.


Commit complete.


Commit complete.


PL/SQL procedure successfully completed.


PL/SQL procedure successfully completed.


PL/SQL procedure successfully completed.


PL/SQL procedure successfully completed.


21 rows deleted.


Commit complete.


PL/SQL procedure successfully completed.

CREATE INDEX OSP$AWARD_AMOUNT_INFO_I2 ON OSP$AWARD_AMOUNT_INFO(MIT_AWARD_NUMBER,SEQUENCE_NUMBER)
             *
ERROR at line 1:
ORA-00955: name is already used by an existing object


CREATE INDEX OSP$AWARD_AMOUNT_INFO_I3 ON OSP$AWARD_AMOUNT_INFO(MIT_AWARD_NUMBER,SEQUENCE_NUMBER,AMOUNT_SEQUENCE_NUMBER)
                                                               *
ERROR at line 1:
ORA-01408: such column list already indexed



Commit complete.


PL/SQL procedure successfully completed.


PL/SQL procedure successfully completed.


PL/SQL procedure successfully completed.


Commit complete.

Disconnected from Oracle Database 11g Enterprise Edition Release 11.2.0.4.0 - 64bit Production
With the Partitioning, OLAP, Data Mining and Real Application Testing options
