
SQL*Plus: Release 10.2.0.4.0 - Production on Tue Dec 16 09:32:28 2014

Copyright (c) 1982, 2007, Oracle.  All Rights Reserved.


Connected to:
Oracle Database 11g Enterprise Edition Release 11.2.0.4.0 - 64bit Production
With the Partitioning, OLAP, Data Mining and Real Application Testing options


Table truncated.


Table altered.


Table altered.


62 rows deleted.


12 rows deleted.


11 rows created.


1 row created.


27 rows created.


33 rows created.


918 rows created.


110 rows created.


110 rows created.


110 rows created.


110 rows created.


110 rows created.


110 rows created.


126 rows created.


126 rows created.


126 rows created.


126 rows created.


126 rows created.


32 rows created.


32 rows created.


32 rows created.


32 rows created.


75 rows created.


75 rows created.


75 rows created.


75 rows created.


17 rows created.


17 rows created.


17 rows created.


17 rows created.


Commit complete.


25 rows created.


24 rows created.


24 rows created.


25 rows created.


25 rows created.


23 rows created.


23 rows created.


25 rows created.


0 rows created.


Commit complete.


Table altered.


Table altered.

  and t1.questionnaire_ref_id_fk in ( select questionnaire_ref_id from questionnaire where questionnaire_id = 5 and is_final = 'N' )
                                                                                                                                   *
ERROR at line 6:
ORA-00907: missing right parenthesis



Commit complete.


PL/SQL procedure successfully completed.


PL/SQL procedure successfully completed.


Table truncated.


PL/SQL procedure successfully completed.


Commit complete.

SP2-0734: unknown command beginning "﻿TRUNCAT..." - rest of line ignored.

Commit complete.


Table truncated.


Table altered.


Table altered.


Table truncated.

ALTER TABLE COMM_MEMBER_ROLES ENABLE CONSTRAINT FK_COMM_MEMBER_ROLES
                                                *
ERROR at line 1:
ORA-02298: cannot validate (KCSO.FK_COMM_MEMBER_ROLES) - parent keys not found



Table altered.


PL/SQL procedure successfully completed.


Commit complete.


PL/SQL procedure successfully completed.


Commit complete.


Commit complete.

Disconnected from Oracle Database 11g Enterprise Edition Release 11.2.0.4.0 - 64bit Production
With the Partitioning, OLAP, Data Mining and Real Application Testing options
