
SQL*Plus: Release 10.2.0.4.0 - Production on Wed Dec 17 01:37:57 2014

Copyright (c) 1982, 2007, Oracle.  All Rights Reserved.


Connected to:
Oracle Database 11g Enterprise Edition Release 11.2.0.4.0 - 64bit Production
With the Partitioning, OLAP, Data Mining and Real Application Testing options


10 rows deleted.


Commit complete.


PL/SQL procedure successfully completed.


Commit complete.


Table altered.


Table altered.


Table truncated.


Table truncated.


Table truncated.


Table altered.


Table altered.


PL/SQL procedure successfully completed.


Commit complete.


PL/SQL procedure successfully completed.


Commit complete.


PL/SQL procedure successfully completed.


Commit complete.


PL/SQL procedure successfully completed.


Commit complete.


Commit complete.

Disconnected from Oracle Database 11g Enterprise Edition Release 11.2.0.4.0 - 64bit Production
With the Partitioning, OLAP, Data Mining and Real Application Testing options
