
SQL*Plus: Release 10.2.0.4.0 - Production on Fri Dec 26 01:41:52 2014

Copyright (c) 1982, 2007, Oracle.  All Rights Reserved.


Connected to:
Oracle Database 11g Enterprise Edition Release 11.2.0.4.0 - 64bit Production
With the Partitioning, OLAP, Data Mining and Real Application Testing options


Table dropped.


Table created.


Sequence created.


Table truncated.


59 rows created.


1 row updated.


1 row updated.

  inner join temp_negotiation_act_id t2 on t2.negotiation_activity_id = t1.negotiation_activity_id
             *
ERROR at line 6:
ORA-06550: line 6, column 14:
PL/SQL: ORA-00942: table or view does not exist
ORA-06550: line 4, column 3:
PL/SQL: SQL Statement ignored
ORA-06550: line 3, column 8:
PLS-00341: declaration of cursor 'C_NEGO' is incomplete or malformed
ORA-06550: line 8, column 10:
PL/SQL: Item ignored
ORA-06550: line 16, column 21:
PLS-00320: the declaration of the type of this expression is incomplete or
malformed
ORA-06550: line 16, column 3:
PL/SQL: SQL Statement ignored
ORA-06550: line 22, column 29:
PLS-00320: the declaration of the type of this expression is incomplete or
malformed
ORA-06550: line 22, column 29:
PL/SQL: ORA-00904: "R_NEGO"."ACTIVITY_NUMBER": invalid identifier
ORA-06550: line 20, column 5:
PL/SQL: SQL Statement ignored
ORA-06550: line 34, column 41:
PLS-00320: the declaration of the type of this expression is incomplete or
malformed
ORA-06550: line 34, column 41:
PL/SQL: ORA-00904: "R_NEGO"."NEGOTIATION_NUMBER": invalid identifier
ORA-06550: line 31, column 11:
PL/SQL: SQL Statement ignored
ORA-06550:



Commit complete.


Table truncated.

INSERT INTO INSTITUTE_RATES(RATE_CLASS_CODE,RATE_TYPE_CODE,ACTIVITY_TYPE_CODE,FISCAL_YEAR,START_DATE,ON_OFF_CAMPUS_FLAG,UNIT_NUMBER,ACTIVE_FLAG,INSTITUTE_RATE,UPDATE_TIMESTAMP,UPDATE_USER,VER_NBR,OBJ_ID)
                                                                                                                                                *
ERROR at line 1:
ORA-00904: "INSTITUTE_RATE": invalid identifier



Table truncated.


1522 rows created.

SELECT '13' RATE_CLASS_CODE,'1' RATE_TYPE_CODE,ACTIVITY_TYPE_CODE,FISCAL_YEAR,START_DATE,ON_OFF_CAMPUS_FLAG,UNIT_NUMBER,ACTIVE_FLAG,INSTITUTE_RATE from INSTITUTE_RATES WHERE RATE_CLASS_CODE=1 AND RATE_TYPE_CODE=1
                                                                                                                                    *
ERROR at line 6:
ORA-06550: line 6, column 133:
PL/SQL: ORA-00904: "INSTITUTE_RATE": invalid identifier
ORA-06550: line 4, column 1:
PL/SQL: SQL Statement ignored
ORA-06550: line 3, column 8:
PLS-00341: declaration of cursor 'C_INST' is incomplete or malformed
ORA-06550: line 36, column 8:
PL/SQL: Item ignored
ORA-06550: line 44, column 19:
PLS-00320: the declaration of the type of this expression is incomplete or
malformed
ORA-06550: line 44, column 1:
PL/SQL: SQL Statement ignored
ORA-06550: line 49, column 180:
PLS-00320: the declaration of the type of this expression is incomplete or
malformed
ORA-06550: line 49, column 187:
PL/SQL: ORA-00984: column not allowed here
ORA-06550: line 48, column 1:
PL/SQL: SQL Statement ignored



PL/SQL procedure successfully completed.


Commit complete.

Disconnected from Oracle Database 11g Enterprise Edition Release 11.2.0.4.0 - 64bit Production
With the Partitioning, OLAP, Data Mining and Real Application Testing options
