
SQL*Plus: Release 10.2.0.4.0 - Production on Thu Dec 4 16:41:12 2014

Copyright (c) 1982, 2007, Oracle.  All Rights Reserved.


Connected to:
Oracle Database 11g Enterprise Edition Release 11.2.0.4.0 - 64bit Production
With the Partitioning, OLAP, Data Mining and Real Application Testing options

UPDATE SUBAWARD_CUSTOM_DATA s
       *
ERROR at line 1:
ORA-00942: table or view does not exist



Commit complete.

INSERT INTO KRIM_ROLE_PERM_T(ROLE_PERM_ID,OBJ_ID,VER_NBR,ROLE_ID,PERM_ID,ACTV_IND)
            *
ERROR at line 1:
ORA-00942: table or view does not exist


INSERT INTO KRIM_ROLE_PERM_T(ROLE_PERM_ID,OBJ_ID,VER_NBR,ROLE_ID,PERM_ID,ACTV_IND)
            *
ERROR at line 1:
ORA-00942: table or view does not exist


INSERT INTO KRIM_ROLE_PERM_T(ROLE_PERM_ID,OBJ_ID,VER_NBR,ROLE_ID,PERM_ID,ACTV_IND)
            *
ERROR at line 1:
ORA-00942: table or view does not exist


INSERT INTO KRIM_ROLE_PERM_T(ROLE_PERM_ID,OBJ_ID,VER_NBR,ROLE_ID,PERM_ID,ACTV_IND)
            *
ERROR at line 1:
ORA-00942: table or view does not exist


  inner join krim_perm_t r4 on r4.perm_id = r3.perm_id
             *
ERROR at line 23:
ORA-06550: line 23, column 14:
PL/SQL: ORA-00942: table or view does not exist
ORA-06550: line 20, column 3:
PL/SQL: SQL Statement ignored
ORA-06550: line 28, column 17:
PL/SQL: ORA-00942: table or view does not exist
ORA-06550: line 28, column 5:
PL/SQL: SQL Statement ignored



Commit complete.

Insert into KRIM_ROLE_PERM_T (ROLE_PERM_ID,OBJ_ID,VER_NBR,ROLE_ID,PERM_ID,ACTV_IND) values ('KC1193',sys_guid(),1,'KC10011','874','Y')
            *
ERROR at line 1:
ORA-00942: table or view does not exist


Insert into KRIM_ROLE_PERM_T (ROLE_PERM_ID,OBJ_ID,VER_NBR,ROLE_ID,PERM_ID,ACTV_IND) values ('KC1194',sys_guid(),1,'KC10011','872','Y')
            *
ERROR at line 1:
ORA-00942: table or view does not exist


Insert into KRIM_ROLE_PERM_T (ROLE_PERM_ID,OBJ_ID,VER_NBR,ROLE_ID,PERM_ID,ACTV_IND) values ('KC1195',sys_guid(),1,'KC10011','893','Y')
            *
ERROR at line 1:
ORA-00942: table or view does not exist


Insert into KRIM_ROLE_PERM_T (ROLE_PERM_ID,OBJ_ID,VER_NBR,ROLE_ID,PERM_ID,ACTV_IND) values ('KC1196',sys_guid(),1,'KC10011','849','Y')
            *
ERROR at line 1:
ORA-00942: table or view does not exist


Insert into KRIM_ROLE_PERM_T (ROLE_PERM_ID,OBJ_ID,VER_NBR,ROLE_ID,PERM_ID,ACTV_IND) values ('KC1197',sys_guid(),1,'KC10011','850','Y')
            *
ERROR at line 1:
ORA-00942: table or view does not exist


Insert into KRIM_ROLE_PERM_T (ROLE_PERM_ID,OBJ_ID,VER_NBR,ROLE_ID,PERM_ID,ACTV_IND) values ('KC1198',sys_guid(),1,'KC10011','982','Y')
            *
ERROR at line 1:
ORA-00942: table or view does not exist


Insert into KRIM_ROLE_PERM_T (ROLE_PERM_ID,OBJ_ID,VER_NBR,ROLE_ID,PERM_ID,ACTV_IND) values ('KC1199',sys_guid(),1,'KC10011','848','Y')
            *
ERROR at line 1:
ORA-00942: table or view does not exist


Insert into KRIM_ROLE_PERM_T (ROLE_PERM_ID,OBJ_ID,VER_NBR,ROLE_ID,PERM_ID,ACTV_IND) values ('KC1200',sys_guid(),1,'KC10011','851','Y')
            *
ERROR at line 1:
ORA-00942: table or view does not exist


Insert into KRIM_ROLE_PERM_T (ROLE_PERM_ID,OBJ_ID,VER_NBR,ROLE_ID,PERM_ID,ACTV_IND) values ('KC1201',sys_guid(),1,'KC10011','871','Y')
            *
ERROR at line 1:
ORA-00942: table or view does not exist


Insert into KRIM_ROLE_PERM_T (ROLE_PERM_ID,OBJ_ID,VER_NBR,ROLE_ID,PERM_ID,ACTV_IND) values ('KC1202',sys_guid(),1,'KC10011','KC1115','Y')
            *
ERROR at line 1:
ORA-00942: table or view does not exist


Insert into KRIM_ROLE_PERM_T (ROLE_PERM_ID,OBJ_ID,VER_NBR,ROLE_ID,PERM_ID,ACTV_IND) values ('KC1203',sys_guid(),1,'KC10011','846','Y')
            *
ERROR at line 1:
ORA-00942: table or view does not exist


Insert into KRIM_ROLE_PERM_T (ROLE_PERM_ID,OBJ_ID,VER_NBR,ROLE_ID,PERM_ID,ACTV_IND) values ('KC1204',sys_guid(),1,'KC10011','1029','Y')
            *
ERROR at line 1:
ORA-00942: table or view does not exist


Insert into KRIM_ROLE_PERM_T (ROLE_PERM_ID,OBJ_ID,VER_NBR,ROLE_ID,PERM_ID,ACTV_IND) values ('KC1205',sys_guid(),1,'KC10011','1030','Y')
            *
ERROR at line 1:
ORA-00942: table or view does not exist


Insert into KRIM_ROLE_PERM_T (ROLE_PERM_ID,OBJ_ID,VER_NBR,ROLE_ID,PERM_ID,ACTV_IND) values ('KC1206',sys_guid(),1,'KC10011','861','Y')
            *
ERROR at line 1:
ORA-00942: table or view does not exist


Insert into KRIM_ROLE_PERM_T (ROLE_PERM_ID,OBJ_ID,VER_NBR,ROLE_ID,PERM_ID,ACTV_IND) values ('KC1207',sys_guid(),1,'KC10011','862','Y')
            *
ERROR at line 1:
ORA-00942: table or view does not exist


Insert into KRIM_ROLE_PERM_T (ROLE_PERM_ID,OBJ_ID,VER_NBR,ROLE_ID,PERM_ID,ACTV_IND) values ('KC1208',sys_guid(),1,'KC10011','1114','Y')
            *
ERROR at line 1:
ORA-00942: table or view does not exist


Insert into KRIM_ROLE_PERM_T (ROLE_PERM_ID,OBJ_ID,VER_NBR,ROLE_ID,PERM_ID,ACTV_IND) values ('KC1209',sys_guid(),1,'KC10011','860','Y')
            *
ERROR at line 1:
ORA-00942: table or view does not exist


INSERT INTO KRIM_ROLE_PERM_T(ROLE_PERM_ID,OBJ_ID,VER_NBR,ROLE_ID,PERM_ID,ACTV_IND)
            *
ERROR at line 1:
ORA-00942: table or view does not exist



Commit complete.

truncate table AWARD_COMMENT
               *
ERROR at line 1:
ORA-00942: table or view does not exist


drop table OSP$AWARD_COMMENTS
           *
ERROR at line 1:
ORA-00942: table or view does not exist



PL/SQL procedure successfully completed.


PL/SQL procedure successfully completed.


320451 rows updated.


Commit complete.


Table altered.


Index created.


Table altered.

inner join AWARD t2 on t1.award_number = t2.award_number and t1.sequence_number = t2.sequence_number
           *
ERROR at line 4:
ORA-00942: table or view does not exist


CREATE INDEX AWARD_COMMENT_I1 ON AWARD_COMMENT(AWARD_NUMBER,SEQUENCE_NUMBER,COMMENT_TYPE_CODE)
                                 *
ERROR at line 1:
ORA-00942: table or view does not exist


SELECT AWARD_ID,AWARD_NUMBER,SEQUENCE_NUMBER FROM AWARD
                                                  *
ERROR at line 9:
ORA-06550: line 9, column 51:
PL/SQL: ORA-00942: table or view does not exist
ORA-06550: line 9, column 1:
PL/SQL: SQL Statement ignored
ORA-06550: line 8, column 8:
PLS-00341: declaration of cursor 'C_AWD' is incomplete or malformed
ORA-06550: line 11, column 7:
PL/SQL: Item ignored
ORA-06550: line 14, column 128:
PL/SQL: ORA-00942: table or view does not exist
ORA-06550: line 14, column 1:
PL/SQL: SQL Statement ignored
ORA-06550: line 13, column 8:
PLS-00341: declaration of cursor 'C_AWD_COMMENT' is incomplete or malformed
ORA-06550: line 16, column 15:
PL/SQL: Item ignored
ORA-06550: line 26, column 18:
PLS-00320: the declaration of the type of this expression is incomplete or
malformed
ORA-06550: line 26, column 1:
PL/SQL: SQL Statement ignored
ORA-06550: line 29, column 18:
PLS-00320: the declaration of the type of this expression is incomplete or
malformed
ORA-06550: line 29, column 1:
PL/SQL: Statement ignored
ORA-06550: line 30, column 9:
PLS-00320: the declaration of the type of this expression is i



Table altered.


Index dropped.


Commit complete.


Index created.


Table altered.

SELECT AWARD_NUMBER,SEQUENCE_NUMBER,COMMENT_TYPE_CODE FROM AWARD_COMMENT ;
                                                           *
ERROR at line 5:
ORA-06550: line 5, column 60:
PL/SQL: ORA-00942: table or view does not exist
ORA-06550: line 5, column 1:
PL/SQL: SQL Statement ignored
ORA-06550: line 4, column 8:
PLS-00341: declaration of cursor 'C_AWD' is incomplete or malformed
ORA-06550: line 6, column 7:
PL/SQL: Item ignored
ORA-06550: line 15, column 18:
PLS-00320: the declaration of the type of this expression is incomplete or
malformed
ORA-06550: line 15, column 1:
PL/SQL: SQL Statement ignored
ORA-06550: line 28, column 36:
PLS-00320: the declaration of the type of this expression is incomplete or
malformed
ORA-06550: line 28, column 36:
PL/SQL: ORA-00904: "R_AWD"."COMMENT_TYPE_CODE": invalid identifier
ORA-06550: line 20, column 13:
PL/SQL: SQL Statement ignored
ORA-06550: line 35, column 57:
PL/SQL: ORA-00942: table or view does not exist
ORA-06550: line 35, column 5:
PL/SQL: SQL Statement ignored


update comment_type set award_comment_screen_flag = 'N' where comment_type_code = 1
       *
ERROR at line 1:
ORA-00942: table or view does not exist


UPDATE AWARD_COMMENT
       *
ERROR at line 1:
ORA-00942: table or view does not exist


UPDATE AWARD_COMMENT
       *
ERROR at line 1:
ORA-00942: table or view does not exist



Commit complete.


Commit complete.

Disconnected from Oracle Database 11g Enterprise Edition Release 11.2.0.4.0 - 64bit Production
With the Partitioning, OLAP, Data Mining and Real Application Testing options
