
1 row created.


1 row created.


1 row created.


1 row created.


PL/SQL procedure successfully completed.


1 row updated.


1 row updated.


1 row updated.


1 row updated.


1 row updated.


1 row updated.


1 row updated.


1 row updated.


1 row updated.


1 row updated.


1 row updated.


0 rows updated.


Table created.


Table altered.

REFERENCES QUESTION (QUESTION_REF_ID)
                     *
ERROR at line 4:
ORA-02270: no matching unique or primary key for this column-list 



Sequence created.


1 row created.

ALTER TABLE AWARD_REPORT_TRACKING MODIFY(LAST_UPDATE_USER NULL)
                                         *
ERROR at line 1:
ORA-01451: column to be modified to NULL cannot be modified to NULL 



Table altered.


82367 rows updated.


82367 rows updated.


82367 rows updated.


Table altered.


Commit complete.

SQL> exit
