
1 row created.


1 row created.


1 row created.

UPDATE KRMS_FUNC_T SET NM = 'completeNarrativeRule', DESC_TXT= 'Complete Narrative Rule' where FUNC_ID='KC1025'
*
ERROR at line 21:
ORA-00933: SQL command not properly ended 



1 row created.


1 row created.


1 row created.


0 rows updated.


1 row updated.


1 row updated.


1 row updated.


1 row updated.


1 row updated.


1 row created.


1 row created.


1 row created.


1 row created.


1 row created.


1 row created.


1 row created.

    VALUES ('KC' || KRIM_ROLE_PERM_ID_S.NEXTVAL,(SELECT ROLE_ID FROM KRIM_ROLE_T WHERE NMSPC_CD = 'KC-UNT' AND ROLE_NM = 'Modify All Dev Proposals'),'KC' || KRIM_PERM_ID_S.CURRVAL,'Y',SYS_GUID(),1)
                                                        *
ERROR at line 2:
ORA-01400: cannot insert NULL into ("KCSO"."KRIM_ROLE_PERM_T"."ROLE_ID") 



1 row created.


Commit complete.

SQL> 
SQL> @1505_oracle_kc_upgrade.sql
