
Table altered.


Table altered.


Table altered.


1 row created.


1 row created.


1 row created.


1 row updated.


1 row updated.


1 row updated.


0 rows updated.


0 rows updated.


0 rows updated.


Table altered.


Table altered.


1 row created.


Table altered.


Table created.


Table altered.


0 rows updated.


0 rows created.


Table altered.


Table altered.


Table altered.


12777 rows updated.


12777 rows created.


Table altered.


Table altered.


0 rows deleted.


Table altered.


Table altered.


Commit complete.

